<?xml version="1.0" encoding="UTF-8"?>
<testsuite name="com.codersbay.gerhofer.DummyClassTest" tests="2" skipped="0" failures="0" errors="0" timestamp="2020-06-08T09:23:31" hostname="Digi-Mindset" time="0.021">
  <properties/>
  <testcase name="testDoNotCallThrowsException()" classname="com.codersbay.gerhofer.DummyClassTest" time="0.018"/>
  <testcase name="testGetAge()" classname="com.codersbay.gerhofer.DummyClassTest" time="0.002"/>
  <system-out><![CDATA[]]></system-out>
  <system-err><![CDATA[]]></system-err>
</testsuite>
